docff@docff-Aspire-A315-41:~/netology/hw/10-monitoring-04-elk/help$ docker-compose up
Creating network "help_elastic" with driver "bridge"
Creating network "help_default" with the default driver
Creating some_app ... done
Creating es-warm  ... done
Creating es-hot   ... done
Creating kibana   ... done
Creating logstash ... done
Creating filebeat ... done
Attaching to es-warm, some_app, es-hot, logstash, kibana, filebeat
some_app            | ERROR:root:OH NO!!!!!!
some_app            | WARNING:root:Hmmm....something strange
some_app            | ERROR:root:OH NO!!!!!!
filebeat            | {"level":"info","timestamp":"2022-07-11T16:52:09.359Z","caller":"instance/beat.go:606","message":"Home path: [/usr/share/filebeat] Config path: [/usr/share/filebeat] Data path: [/usr/share/filebeat/data] Logs path: [/usr/share/filebeat/logs]"}
filebeat            | {"level":"info","timestamp":"2022-07-11T16:52:09.367Z","caller":"instance/beat.go:614","message":"Beat ID: a88a7b5d-d148-4488-821e-8d45789a84eb"}
filebeat            | {"level":"info","timestamp":"2022-07-11T16:52:09.375Z","logger":"seccomp","caller":"seccomp/seccomp.go:116","message":"Syscall filter successfully installed"}
filebeat            | {"level":"info","timestamp":"2022-07-11T16:52:09.375Z","logger":"beat","caller":"instance/beat.go:902","message":"Beat info","system_info":{"beat":{"path":{"config":"/usr/share/filebeat","data":"/usr/share/filebeat/data","home":"/usr/share/filebeat","logs":"/usr/share/filebeat/logs"},"type":"filebeat","uuid":"a88a7b5d-d148-4488-821e-8d45789a84eb"}}}
filebeat            | {"level":"info","timestamp":"2022-07-11T16:52:09.375Z","logger":"beat","caller":"instance/beat.go:911","message":"Build info","system_info":{"build":{"commit":"9ba65d864ca37cd32c25b980dbb4020975288fc0","libbeat":"7.2.0","time":"2019-06-20T15:05:30.000Z","version":"7.2.0"}}}
filebeat            | {"level":"info","timestamp":"2022-07-11T16:52:09.375Z","logger":"beat","caller":"instance/beat.go:914","message":"Go runtime info","system_info":{"go":{"os":"linux","arch":"amd64","max_procs":4,"version":"go1.12.4"}}}
filebeat            | {"level":"info","timestamp":"2022-07-11T16:52:09.376Z","logger":"beat","caller":"instance/beat.go:918","message":"Host info","system_info":{"host":{"architecture":"x86_64","boot_time":"2022-07-11T02:01:01Z","containerized":true,"name":"68f035f2ef55","ip":["127.0.0.1/8","172.20.0.6/16"],"kernel_version":"5.15.0-33-generic","mac":["02:42:ac:14:00:06"],"os":{"family":"redhat","platform":"centos","name":"CentOS Linux","version":"7 (Core)","major":7,"minor":6,"patch":1810,"codename":"Core"},"timezone":"UTC","timezone_offset_sec":0}}}
filebeat            | {"level":"info","timestamp":"2022-07-11T16:52:09.378Z","logger":"beat","caller":"instance/beat.go:947","message":"Process info","system_info":{"process":{"capabilities":{"inheritable":null,"permitted":["chown","dac_override","dac_read_search","fowner","fsetid","kill","setgid","setuid","setpcap","linux_immutable","net_bind_service","net_broadcast","net_admin","net_raw","ipc_lock","ipc_owner","sys_module","sys_rawio","sys_chroot","sys_ptrace","sys_pacct","sys_admin","sys_boot","sys_nice","sys_resource","sys_time","sys_tty_config","mknod","lease","audit_write","audit_control","setfcap","mac_override","mac_admin","syslog","wake_alarm","block_suspend","audit_read"],"effective":["chown","dac_override","dac_read_search","fowner","fsetid","kill","setgid","setuid","setpcap","linux_immutable","net_bind_service","net_broadcast","net_admin","net_raw","ipc_lock","ipc_owner","sys_module","sys_rawio","sys_chroot","sys_ptrace","sys_pacct","sys_admin","sys_boot","sys_nice","sys_resource","sys_time","sys_tty_config","mknod","lease","audit_write","audit_control","setfcap","mac_override","mac_admin","syslog","wake_alarm","block_suspend","audit_read"],"bounding":["chown","dac_override","dac_read_search","fowner","fsetid","kill","setgid","setuid","setpcap","linux_immutable","net_bind_service","net_broadcast","net_admin","net_raw","ipc_lock","ipc_owner","sys_module","sys_rawio","sys_chroot","sys_ptrace","sys_pacct","sys_admin","sys_boot","sys_nice","sys_resource","sys_time","sys_tty_config","mknod","lease","audit_write","audit_control","setfcap","mac_override","mac_admin","syslog","wake_alarm","block_suspend","audit_read"],"ambient":null},"cwd":"/usr/share/filebeat","exe":"/usr/share/filebeat/filebeat","name":"filebeat","pid":1,"ppid":0,"seccomp":{"mode":"filter","no_new_privs":true},"start_time":"2022-07-11T16:52:08.270Z"}}}
filebeat            | {"level":"info","timestamp":"2022-07-11T16:52:09.379Z","caller":"instance/beat.go:292","message":"Setup Beat: filebeat; Version: 7.2.0"}
filebeat            | {"level":"info","timestamp":"2022-07-11T16:52:09.380Z","logger":"publisher","caller":"pipeline/module.go:97","message":"Beat name: 68f035f2ef55"}
filebeat            | {"level":"info","timestamp":"2022-07-11T16:52:09.384Z","caller":"instance/beat.go:421","message":"filebeat start running."}
filebeat            | {"level":"info","timestamp":"2022-07-11T16:52:09.384Z","caller":"registrar/migrate.go:104","message":"No registry home found. Create: /usr/share/filebeat/data/registry/filebeat"}
filebeat            | {"level":"info","timestamp":"2022-07-11T16:52:09.386Z","caller":"registrar/migrate.go:112","message":"Initialize registry meta file"}
filebeat            | {"level":"info","timestamp":"2022-07-11T16:52:09.391Z","caller":"registrar/registrar.go:108","message":"No registry file found under: /usr/share/filebeat/data/registry/filebeat/data.json. Creating a new registry file."}
filebeat            | {"level":"info","timestamp":"2022-07-11T16:52:09.396Z","caller":"registrar/registrar.go:145","message":"Loading registrar data from /usr/share/filebeat/data/registry/filebeat/data.json"}
filebeat            | {"level":"info","timestamp":"2022-07-11T16:52:09.397Z","caller":"registrar/registrar.go:152","message":"States Loaded from registrar: 0"}
filebeat            | {"level":"warn","timestamp":"2022-07-11T16:52:09.398Z","caller":"beater/filebeat.go:358","message":"Filebeat is unable to load the Ingest Node pipelines for the configured modules because the Elasticsearch output is not configured/enabled. If you have already loaded the Ingest Node pipelines or are using Logstash pipelines, you can ignore this warning."}
filebeat            | {"level":"info","timestamp":"2022-07-11T16:52:09.400Z","caller":"crawler/crawler.go:72","message":"Loading Inputs: 1"}
filebeat            | {"level":"info","timestamp":"2022-07-11T16:52:09.401Z","caller":"log/input.go:148","message":"Configured paths: [/var/lib/docker/containers/*/*.log]"}
filebeat            | {"level":"info","timestamp":"2022-07-11T16:52:09.402Z","caller":"input/input.go:114","message":"Starting input of type: container; ID: 14033481556371524303 "}
filebeat            | {"level":"info","timestamp":"2022-07-11T16:52:09.403Z","caller":"crawler/crawler.go:106","message":"Loading and starting Inputs completed. Enabled inputs: 1"}
filebeat            | {"level":"info","timestamp":"2022-07-11T16:52:09.405Z","caller":"log/harvester.go:253","message":"Harvester started for file: /var/lib/docker/containers/0ffb14b8c74108d757af9eeba2d099b619be4f16d072511362863dd9e8a3eb8d/0ffb14b8c74108d757af9eeba2d099b619be4f16d072511362863dd9e8a3eb8d-json.log"}
filebeat            | {"level":"info","timestamp":"2022-07-11T16:52:09.407Z","caller":"log/harvester.go:253","message":"Harvester started for file: /var/lib/docker/containers/3834a3554a7f47a9d4d95516629055ca29d5dae21e8ddfbe4ad6779339353c41/3834a3554a7f47a9d4d95516629055ca29d5dae21e8ddfbe4ad6779339353c41-json.log"}
filebeat            | {"level":"info","timestamp":"2022-07-11T16:52:09.408Z","caller":"log/harvester.go:253","message":"Harvester started for file: /var/lib/docker/containers/6053ce3d1793e04efa7a3ced80a8169c4ebfb6fec504e5461473882ce8b198d4/6053ce3d1793e04efa7a3ced80a8169c4ebfb6fec504e5461473882ce8b198d4-json.log"}
filebeat            | {"level":"info","timestamp":"2022-07-11T16:52:09.408Z","caller":"log/harvester.go:253","message":"Harvester started for file: /var/lib/docker/containers/6825e1e724d8d2476e03e7555b0773bca5128f688d6ddfc09755021ba053ade3/6825e1e724d8d2476e03e7555b0773bca5128f688d6ddfc09755021ba053ade3-json.log"}
filebeat            | {"level":"info","timestamp":"2022-07-11T16:52:09.414Z","caller":"log/harvester.go:253","message":"Harvester started for file: /var/lib/docker/containers/68f035f2ef5595cd40e8e2bf4755dea5bff2cffb77c1fed3be3474cc0e676da3/68f035f2ef5595cd40e8e2bf4755dea5bff2cffb77c1fed3be3474cc0e676da3-json.log"}
filebeat            | {"level":"info","timestamp":"2022-07-11T16:52:09.418Z","caller":"log/harvester.go:253","message":"Harvester started for file: /var/lib/docker/containers/bf1167e27e3633c61e028fbb948b4dc7f833c6de4867ff09a84a673f371fe7ae/bf1167e27e3633c61e028fbb948b4dc7f833c6de4867ff09a84a673f371fe7ae-json.log"}
filebeat            | {"level":"info","timestamp":"2022-07-11T16:52:09.418Z","caller":"log/harvester.go:253","message":"Harvester started for file: /var/lib/docker/containers/bbe96ff8fb822f02f490f618d2edcacc87f6c47771f52f957ab6269fdc68fcae/bbe96ff8fb822f02f490f618d2edcacc87f6c47771f52f957ab6269fdc68fcae-json.log"}
csome_app            | WARNING:root:Hmmm....something strange
lefilebeat            | {"level":"info","timestamp":"2022-07-11T16:52:10.414Z","caller":"pipeline/output.go:95","message":"Connecting to backoff(async(tcp://logstash:5046))"}
some_app            | ERROR:root:this is exception
some_app            | NoneType: None
filebeat            | {"level":"error","timestamp":"2022-07-11T16:52:11.578Z","caller":"pipeline/output.go:100","message":"Failed to connect to backoff(async(tcp://logstash:5046)): dial tcp 172.20.0.4:5046: connect: connection refused"}
filebeat            | {"level":"info","timestamp":"2022-07-11T16:52:11.579Z","caller":"pipeline/output.go:93","message":"Attempting to reconnect to backoff(async(tcp://logstash:5046)) with 1 reconnect attempt(s)"}
some_app            | WARNING:root:Hmmm....something strange
some_app            | WARNING:root:Hmmm....something strange
some_app            | WARNING:root:Hmmm....something strange
filebeat            | {"level":"error","timestamp":"2022-07-11T16:52:13.983Z","caller":"pipeline/output.go:100","message":"Failed to connect to backoff(async(tcp://logstash:5046)): dial tcp 172.20.0.4:5046: connect: connection refused"}
filebeat            | {"level":"info","timestamp":"2022-07-11T16:52:13.984Z","caller":"pipeline/output.go:93","message":"Attempting to reconnect to backoff(async(tcp://logstash:5046)) with 2 reconnect attempt(s)"}
some_app            | ERROR:root:this is exception
some_app            | NoneType: None
some_app            | ERROR:root:this is exception
some_app            | NoneType: None
es-warm             | {"type": "server", "timestamp": "2022-07-11T16:52:17,650Z", "level": "INFO", "component": "o.e.n.Node", "cluster.name": "es-docker-cluster", "node.name": "es-warm", "message": "version[7.11.0], pid[6], build[default/docker/8ced7813d6f16d2ef30792e2fcde3e755795ee04/2021-02-08T22:44:01.320463Z], OS[Linux/5.15.0-33-generic/amd64], JVM[AdoptOpenJDK/OpenJDK 64-Bit Server VM/15.0.1/15.0.1+9]" }
es-warm             | {"type": "server", "timestamp": "2022-07-11T16:52:17,655Z", "level": "INFO", "component": "o.e.n.Node", "cluster.name": "es-docker-cluster", "node.name": "es-warm", "message": "JVM home [/usr/share/elasticsearch/jdk], using bundled JDK [true]" }
es-warm             | {"type": "server", "timestamp": "2022-07-11T16:52:17,661Z", "level": "INFO", "component": "o.e.n.Node", "cluster.name": "es-docker-cluster", "node.name": "es-warm", "message": "JVM arguments [-Xshare:auto, -Des.networkaddress.cache.ttl=60, -Des.networkaddress.cache.negative.ttl=10, -XX:+AlwaysPreTouch, -Xss1m, -Djava.awt.headless=true, -Dfile.encoding=UTF-8, -Djna.nosys=true, -XX:-OmitStackTraceInFastThrow, -XX:+ShowCodeDetailsInExceptionMessages, -Dio.netty.noUnsafe=true, -Dio.netty.noKeySetOptimization=true, -Dio.netty.recycler.maxCapacityPerThread=0, -Dio.netty.allocator.numDirectArenas=0, -Dlog4j.shutdownHookEnabled=false, -Dlog4j2.disable.jmx=true, -Djava.locale.providers=SPI,COMPAT, -XX:+UseG1GC, -Djava.io.tmpdir=/tmp/elasticsearch-16457988376200672220, -XX:+HeapDumpOnOutOfMemoryError, -XX:HeapDumpPath=data, -XX:ErrorFile=logs/hs_err_pid%p.log, -Xlog:gc*,gc+age=trace,safepoint:file=logs/gc.log:utctime,pid,tags:filecount=32,filesize=64m, -Des.cgroups.hierarchy.override=/, -Xms512m, -Xmx512m, -XX:MaxDirectMemorySize=268435456, -XX:G1HeapRegionSize=4m, -XX:InitiatingHeapOccupancyPercent=30, -XX:G1ReservePercent=15, -Des.path.home=/usr/share/elasticsearch, -Des.path.conf=/usr/share/elasticsearch/config, -Des.distribution.flavor=default, -Des.distribution.type=docker, -Des.bundled_jdk=true]" }
some_app            | ERROR:root:OH NO!!!!!!
es-hot              | {"type": "server", "timestamp": "2022-07-11T16:52:19,060Z", "level": "INFO", "component": "o.e.n.Node", "cluster.name": "es-docker-cluster", "node.name": "es-hot", "message": "version[7.11.0], pid[7], build[default/docker/8ced7813d6f16d2ef30792e2fcde3e755795ee04/2021-02-08T22:44:01.320463Z], OS[Linux/5.15.0-33-generic/amd64], JVM[AdoptOpenJDK/OpenJDK 64-Bit Server VM/15.0.1/15.0.1+9]" }
es-hot              | {"type": "server", "timestamp": "2022-07-11T16:52:19,077Z", "level": "INFO", "component": "o.e.n.Node", "cluster.name": "es-docker-cluster", "node.name": "es-hot", "message": "JVM home [/usr/share/elasticsearch/jdk], using bundled JDK [true]" }
es-hot              | {"type": "server", "timestamp": "2022-07-11T16:52:19,081Z", "level": "INFO", "component": "o.e.n.Node", "cluster.name": "es-docker-cluster", "node.name": "es-hot", "message": "JVM arguments [-Xshare:auto, -Des.networkaddress.cache.ttl=60, -Des.networkaddress.cache.negative.ttl=10, -XX:+AlwaysPreTouch, -Xss1m, -Djava.awt.headless=true, -Dfile.encoding=UTF-8, -Djna.nosys=true, -XX:-OmitStackTraceInFastThrow, -XX:+ShowCodeDetailsInExceptionMessages, -Dio.netty.noUnsafe=true, -Dio.netty.noKeySetOptimization=true, -Dio.netty.recycler.maxCapacityPerThread=0, -Dio.netty.allocator.numDirectArenas=0, -Dlog4j.shutdownHookEnabled=false, -Dlog4j2.disable.jmx=true, -Djava.locale.providers=SPI,COMPAT, -XX:+UseG1GC, -Djava.io.tmpdir=/tmp/elasticsearch-12578149288184725861, -XX:+HeapDumpOnOutOfMemoryError, -XX:HeapDumpPath=data, -XX:ErrorFile=logs/hs_err_pid%p.log, -Xlog:gc*,gc+age=trace,safepoint:file=logs/gc.log:utctime,pid,tags:filecount=32,filesize=64m, -Des.cgroups.hierarchy.override=/, -Xms512m, -Xmx512m, -XX:MaxDirectMemorySize=268435456, -XX:G1HeapRegionSize=4m, -XX:InitiatingHeapOccupancyPercent=30, -XX:G1ReservePercent=15, -Des.path.home=/usr/share/elasticsearch, -Des.path.conf=/usr/share/elasticsearch/config, -Des.distribution.flavor=default, -Des.distribution.type=docker, -Des.bundled_jdk=true]" }
filebeat            | {"level":"error","timestamp":"2022-07-11T16:52:19.092Z","caller":"pipeline/output.go:100","message":"Failed to connect to backoff(async(tcp://logstash:5046)): dial tcp 172.20.0.4:5046: connect: connection refused"}
filebeat            | {"level":"info","timestamp":"2022-07-11T16:52:19.093Z","caller":"pipeline/output.go:93","message":"Attempting to reconnect to backoff(async(tcp://logstash:5046)) with 3 reconnect attempt(s)"}
some_app            | ERROR:root:this is exception
some_app            | NoneType: None
some_app            | WARNING:root:Hmmm....something strange
some_app            | ERROR:root:this is exception
some_app            | NoneType: None
some_app            | WARNING:root:Hmmm....something strange
some_app            | WARNING:root:Hmmm....something strange
kibana              | {"type":"log","@timestamp":"2022-07-11T16:52:29+00:00","tags":["info","plugins-service"],"pid":7,"message":"Plugin \"visTypeXy\" is disabled."}
es-warm             | {"type": "server", "timestamp": "2022-07-11T16:52:29,618Z", "level": "INFO", "component": "o.e.p.PluginsService", "cluster.name": "es-docker-cluster", "node.name": "es-warm", "message": "loaded module [aggs-matrix-stats]" }
es-warm             | {"type": "server", "timestamp": "2022-07-11T16:52:29,625Z", "level": "INFO", "component": "o.e.p.PluginsService", "cluster.name": "es-docker-cluster", "node.name": "es-warm", "message": "loaded module [analysis-common]" }
es-warm             | {"type": "server", "timestamp": "2022-07-11T16:52:29,628Z", "level": "INFO", "component": "o.e.p.PluginsService", "cluster.name": "es-docker-cluster", "node.name": "es-warm", "message": "loaded module [constant-keyword]" }
es-warm             | {"type": "server", "timestamp": "2022-07-11T16:52:29,631Z", "level": "INFO", "component": "o.e.p.PluginsService", "cluster.name": "es-docker-cluster", "node.name": "es-warm", "message": "loaded module [flattened]" }
es-warm             | {"type": "server", "timestamp": "2022-07-11T16:52:29,638Z", "level": "INFO", "component": "o.e.p.PluginsService", "cluster.name": "es-docker-cluster", "node.name": "es-warm", "message": "loaded module [frozen-indices]" }
es-warm             | {"type": "server", "timestamp": "2022-07-11T16:52:29,639Z", "level": "INFO", "component": "o.e.p.PluginsService", "cluster.name": "es-docker-cluster", "node.name": "es-warm", "message": "loaded module [ingest-common]" }
es-warm             | {"type": "server", "timestamp": "2022-07-11T16:52:29,641Z", "level": "INFO", "component": "o.e.p.PluginsService", "cluster.name": "es-docker-cluster", "node.name": "es-warm", "message": "loaded module [ingest-geoip]" }
es-warm             | {"type": "server", "timestamp": "2022-07-11T16:52:29,642Z", "level": "INFO", "component": "o.e.p.PluginsService", "cluster.name": "es-docker-cluster", "node.name": "es-warm", "message": "loaded module [ingest-user-agent]" }
es-warm             | {"type": "server", "timestamp": "2022-07-11T16:52:29,643Z", "level": "INFO", "component": "o.e.p.PluginsService", "cluster.name": "es-docker-cluster", "node.name": "es-warm", "message": "loaded module [kibana]" }
es-warm             | {"type": "server", "timestamp": "2022-07-11T16:52:29,655Z", "level": "INFO", "component": "o.e.p.PluginsService", "cluster.name": "es-docker-cluster", "node.name": "es-warm", "message": "loaded module [lang-expression]" }
es-warm             | {"type": "server", "timestamp": "2022-07-11T16:52:29,656Z", "level": "INFO", "component": "o.e.p.PluginsService", "cluster.name": "es-docker-cluster", "node.name": "es-warm", "message": "loaded module [lang-mustache]" }
es-warm             | {"type": "server", "timestamp": "2022-07-11T16:52:29,657Z", "level": "INFO", "component": "o.e.p.PluginsService", "cluster.name": "es-docker-cluster", "node.name": "es-warm", "message": "loaded module [lang-painless]" }
kibana              | {"type":"log","@timestamp":"2022-07-11T16:52:29+00:00","tags":["warning","config","deprecation"],"pid":7,"message":"Config key [monitoring.cluster_alerts.email_notifications.email_address] will be required for email notifications to work in 8.0.\""}
es-warm             | {"type": "server", "timestamp": "2022-07-11T16:52:29,664Z", "level": "INFO", "component": "o.e.p.PluginsService", "cluster.name": "es-docker-cluster", "node.name": "es-warm", "message": "loaded module [mapper-extras]" }
es-warm             | {"type": "server", "timestamp": "2022-07-11T16:52:29,666Z", "level": "INFO", "component": "o.e.p.PluginsService", "cluster.name": "es-docker-cluster", "node.name": "es-warm", "message": "loaded module [mapper-version]" }
es-warm             | {"type": "server", "timestamp": "2022-07-11T16:52:29,666Z", "level": "INFO", "component": "o.e.p.PluginsService", "cluster.name": "es-docker-cluster", "node.name": "es-warm", "message": "loaded module [parent-join]" }
es-warm             | {"type": "server", "timestamp": "2022-07-11T16:52:29,667Z", "level": "INFO", "component": "o.e.p.PluginsService", "cluster.name": "es-docker-cluster", "node.name": "es-warm", "message": "loaded module [percolator]" }
es-warm             | {"type": "server", "timestamp": "2022-07-11T16:52:29,668Z", "level": "INFO", "component": "o.e.p.PluginsService", "cluster.name": "es-docker-cluster", "node.name": "es-warm", "message": "loaded module [rank-eval]" }
es-warm             | {"type": "server", "timestamp": "2022-07-11T16:52:29,669Z", "level": "INFO", "component": "o.e.p.PluginsService", "cluster.name": "es-docker-cluster", "node.name": "es-warm", "message": "loaded module [reindex]" }
es-warm             | {"type": "server", "timestamp": "2022-07-11T16:52:29,669Z", "level": "INFO", "component": "o.e.p.PluginsService", "cluster.name": "es-docker-cluster", "node.name": "es-warm", "message": "loaded module [repositories-metering-api]" }
es-warm             | {"type": "server", "timestamp": "2022-07-11T16:52:29,670Z", "level": "INFO", "component": "o.e.p.PluginsService", "cluster.name": "es-docker-cluster", "node.name": "es-warm", "message": "loaded module [repository-url]" }
es-warm             | {"type": "server", "timestamp": "2022-07-11T16:52:29,671Z", "level": "INFO", "component": "o.e.p.PluginsService", "cluster.name": "es-docker-cluster", "node.name": "es-warm", "message": "loaded module [search-business-rules]" }
es-warm             | {"type": "server", "timestamp": "2022-07-11T16:52:29,672Z", "level": "INFO", "component": "o.e.p.PluginsService", "cluster.name": "es-docker-cluster", "node.name": "es-warm", "message": "loaded module [searchable-snapshots]" }
es-warm             | {"type": "server", "timestamp": "2022-07-11T16:52:29,673Z", "level": "INFO", "component": "o.e.p.PluginsService", "cluster.name": "es-docker-cluster", "node.name": "es-warm", "message": "loaded module [spatial]" }
es-warm             | {"type": "server", "timestamp": "2022-07-11T16:52:29,674Z", "level": "INFO", "component": "o.e.p.PluginsService", "cluster.name": "es-docker-cluster", "node.name": "es-warm", "message": "loaded module [transform]" }
es-warm             | {"type": "server", "timestamp": "2022-07-11T16:52:29,674Z", "level": "INFO", "component": "o.e.p.PluginsService", "cluster.name": "es-docker-cluster", "node.name": "es-warm", "message": "loaded module [transport-netty4]" }
es-warm             | {"type": "server", "timestamp": "2022-07-11T16:52:29,680Z", "level": "INFO", "component": "o.e.p.PluginsService", "cluster.name": "es-docker-cluster", "node.name": "es-warm", "message": "loaded module [unsigned-long]" }
es-warm             | {"type": "server", "timestamp": "2022-07-11T16:52:29,681Z", "level": "INFO", "component": "o.e.p.PluginsService", "cluster.name": "es-docker-cluster", "node.name": "es-warm", "message": "loaded module [vectors]" }
es-warm             | {"type": "server", "timestamp": "2022-07-11T16:52:29,682Z", "level": "INFO", "component": "o.e.p.PluginsService", "cluster.name": "es-docker-cluster", "node.name": "es-warm", "message": "loaded module [wildcard]" }
es-warm             | {"type": "server", "timestamp": "2022-07-11T16:52:29,683Z", "level": "INFO", "component": "o.e.p.PluginsService", "cluster.name": "es-docker-cluster", "node.name": "es-warm", "message": "loaded module [x-pack-aggregate-metric]" }
es-warm             | {"type": "server", "timestamp": "2022-07-11T16:52:29,683Z", "level": "INFO", "component": "o.e.p.PluginsService", "cluster.name": "es-docker-cluster", "node.name": "es-warm", "message": "loaded module [x-pack-analytics]" }
es-warm             | {"type": "server", "timestamp": "2022-07-11T16:52:29,688Z", "level": "INFO", "component": "o.e.p.PluginsService", "cluster.name": "es-docker-cluster", "node.name": "es-warm", "message": "loaded module [x-pack-async]" }
es-warm             | {"type": "server", "timestamp": "2022-07-11T16:52:29,689Z", "level": "INFO", "component": "o.e.p.PluginsService", "cluster.name": "es-docker-cluster", "node.name": "es-warm", "message": "loaded module [x-pack-async-search]" }
es-warm             | {"type": "server", "timestamp": "2022-07-11T16:52:29,690Z", "level": "INFO", "component": "o.e.p.PluginsService", "cluster.name": "es-docker-cluster", "node.name": "es-warm", "message": "loaded module [x-pack-autoscaling]" }
es-warm             | {"type": "server", "timestamp": "2022-07-11T16:52:29,691Z", "level": "INFO", "component": "o.e.p.PluginsService", "cluster.name": "es-docker-cluster", "node.name": "es-warm", "message": "loaded module [x-pack-ccr]" }
es-warm             | {"type": "server", "timestamp": "2022-07-11T16:52:29,700Z", "level": "INFO", "component": "o.e.p.PluginsService", "cluster.name": "es-docker-cluster", "node.name": "es-warm", "message": "loaded module [x-pack-core]" }
es-warm             | {"type": "server", "timestamp": "2022-07-11T16:52:29,701Z", "level": "INFO", "component": "o.e.p.PluginsService", "cluster.name": "es-docker-cluster", "node.name": "es-warm", "message": "loaded module [x-pack-data-streams]" }
es-warm             | {"type": "server", "timestamp": "2022-07-11T16:52:29,702Z", "level": "INFO", "component": "o.e.p.PluginsService", "cluster.name": "es-docker-cluster", "node.name": "es-warm", "message": "loaded module [x-pack-deprecation]" }
es-warm             | {"type": "server", "timestamp": "2022-07-11T16:52:29,703Z", "level": "INFO", "component": "o.e.p.PluginsService", "cluster.name": "es-docker-cluster", "node.name": "es-warm", "message": "loaded module [x-pack-enrich]" }
es-warm             | {"type": "server", "timestamp": "2022-07-11T16:52:29,703Z", "level": "INFO", "component": "o.e.p.PluginsService", "cluster.name": "es-docker-cluster", "node.name": "es-warm", "message": "loaded module [x-pack-eql]" }
es-warm             | {"type": "server", "timestamp": "2022-07-11T16:52:29,704Z", "level": "INFO", "component": "o.e.p.PluginsService", "cluster.name": "es-docker-cluster", "node.name": "es-warm", "message": "loaded module [x-pack-fleet]" }
es-warm             | {"type": "server", "timestamp": "2022-07-11T16:52:29,705Z", "level": "INFO", "component": "o.e.p.PluginsService", "cluster.name": "es-docker-cluster", "node.name": "es-warm", "message": "loaded module [x-pack-graph]" }
es-warm             | {"type": "server", "timestamp": "2022-07-11T16:52:29,706Z", "level": "INFO", "component": "o.e.p.PluginsService", "cluster.name": "es-docker-cluster", "node.name": "es-warm", "message": "loaded module [x-pack-identity-provider]" }
es-warm             | {"type": "server", "timestamp": "2022-07-11T16:52:29,707Z", "level": "INFO", "component": "o.e.p.PluginsService", "cluster.name": "es-docker-cluster", "node.name": "es-warm", "message": "loaded module [x-pack-ilm]" }
es-warm             | {"type": "server", "timestamp": "2022-07-11T16:52:29,712Z", "level": "INFO", "component": "o.e.p.PluginsService", "cluster.name": "es-docker-cluster", "node.name": "es-warm", "message": "loaded module [x-pack-ingest]" }
es-warm             | {"type": "server", "timestamp": "2022-07-11T16:52:29,713Z", "level": "INFO", "component": "o.e.p.PluginsService", "cluster.name": "es-docker-cluster", "node.name": "es-warm", "message": "loaded module [x-pack-logstash]" }
es-warm             | {"type": "server", "timestamp": "2022-07-11T16:52:29,714Z", "level": "INFO", "component": "o.e.p.PluginsService", "cluster.name": "es-docker-cluster", "node.name": "es-warm", "message": "loaded module [x-pack-ml]" }
es-warm             | {"type": "server", "timestamp": "2022-07-11T16:52:29,715Z", "level": "INFO", "component": "o.e.p.PluginsService", "cluster.name": "es-docker-cluster", "node.name": "es-warm", "message": "loaded module [x-pack-monitoring]" }
es-warm             | {"type": "server", "timestamp": "2022-07-11T16:52:29,715Z", "level": "INFO", "component": "o.e.p.PluginsService", "cluster.name": "es-docker-cluster", "node.name": "es-warm", "message": "loaded module [x-pack-ql]" }
es-warm             | {"type": "server", "timestamp": "2022-07-11T16:52:29,724Z", "level": "INFO", "component": "o.e.p.PluginsService", "cluster.name": "es-docker-cluster", "node.name": "es-warm", "message": "loaded module [x-pack-rollup]" }
es-warm             | {"type": "server", "timestamp": "2022-07-11T16:52:29,725Z", "level": "INFO", "component": "o.e.p.PluginsService", "cluster.name": "es-docker-cluster", "node.name": "es-warm", "message": "loaded module [x-pack-runtime-fields]" }
es-warm             | {"type": "server", "timestamp": "2022-07-11T16:52:29,726Z", "level": "INFO", "component": "o.e.p.PluginsService", "cluster.name": "es-docker-cluster", "node.name": "es-warm", "message": "loaded module [x-pack-security]" }
es-warm             | {"type": "server", "timestamp": "2022-07-11T16:52:29,727Z", "level": "INFO", "component": "o.e.p.PluginsService", "cluster.name": "es-docker-cluster", "node.name": "es-warm", "message": "loaded module [x-pack-sql]" }
es-warm             | {"type": "server", "timestamp": "2022-07-11T16:52:29,727Z", "level": "INFO", "component": "o.e.p.PluginsService", "cluster.name": "es-docker-cluster", "node.name": "es-warm", "message": "loaded module [x-pack-stack]" }
es-warm             | {"type": "server", "timestamp": "2022-07-11T16:52:29,728Z", "level": "INFO", "component": "o.e.p.PluginsService", "cluster.name": "es-docker-cluster", "node.name": "es-warm", "message": "loaded module [x-pack-voting-only-node]" }
es-warm             | {"type": "server", "timestamp": "2022-07-11T16:52:29,729Z", "level": "INFO", "component": "o.e.p.PluginsService", "cluster.name": "es-docker-cluster", "node.name": "es-warm", "message": "loaded module [x-pack-watcher]" }
es-warm             | {"type": "server", "timestamp": "2022-07-11T16:52:29,730Z", "level": "INFO", "component": "o.e.p.PluginsService", "cluster.name": "es-docker-cluster", "node.name": "es-warm", "message": "no plugins loaded" }
filebeat            | {"level":"error","timestamp":"2022-07-11T16:52:29.768Z","caller":"pipeline/output.go:100","message":"Failed to connect to backoff(async(tcp://logstash:5046)): dial tcp 172.20.0.4:5046: connect: connection refused"}
filebeat            | {"level":"info","timestamp":"2022-07-11T16:52:29.769Z","caller":"pipeline/output.go:93","message":"Attempting to reconnect to backoff(async(tcp://logstash:5046)) with 4 reconnect attempt(s)"}
filebeat            | {"level":"info","timestamp":"2022-07-11T16:52:29.769Z","logger":"publisher","caller":"pipeline/retry.go:166","message":"retryer: send wait signal to consumer"}
filebeat            | {"level":"info","timestamp":"2022-07-11T16:52:29.769Z","logger":"publisher","caller":"pipeline/retry.go:168","message":"  done"}
es-warm             | {"type": "server", "timestamp": "2022-07-11T16:52:29,910Z", "level": "INFO", "component": "o.e.e.NodeEnvironment", "cluster.name": "es-docker-cluster", "node.name": "es-warm", "message": "using [1] data paths, mounts [[/usr/share/elasticsearch/data (/dev/sdb6)]], net usable_space [35gb], net total_space [76.5gb], types [btrfs]" }
es-warm             | {"type": "server", "timestamp": "2022-07-11T16:52:29,911Z", "level": "INFO", "component": "o.e.e.NodeEnvironment", "cluster.name": "es-docker-cluster", "node.name": "es-warm", "message": "heap size [512mb], compressed ordinary object pointers [true]" }
some_app            | ERROR:root:OH NO!!!!!!
kibana              | {"type":"log","@timestamp":"2022-07-11T16:52:30+00:00","tags":["info","plugins-system"],"pid":7,"message":"Setting up [101] plugins: [taskManager,licensing,globalSearch,globalSearchProviders,code,usageCollection,xpackLegacy,telemetryCollectionManager,telemetry,telemetryCollectionXpack,kibanaUsageCollection,securityOss,newsfeed,mapsLegacy,kibanaLegacy,translations,share,legacyExport,embeddable,uiActionsEnhanced,expressions,charts,esUiShared,bfetch,data,home,observability,console,consoleExtensions,apmOss,searchprofiler,painlessLab,grokdebugger,management,indexPatternManagement,advancedSettings,fileUpload,savedObjects,visualizations,visTypeVislib,visTypeVega,visTypeTimeseries,visTypeTimeseriesEnhanced,visTypeTimelion,features,licenseManagement,dataEnhanced,watcher,canvas,visTypeTagcloud,visTypeTable,visTypeMetric,visTypeMarkdown,tileMap,regionMap,mapsOss,lensOss,inputControlVis,graph,timelion,dashboard,dashboardEnhanced,visualize,discover,discoverEnhanced,savedObjectsManagement,spaces,security,savedObjectsTagging,maps,lens,reporting,lists,encryptedSavedObjects,dashboardMode,cloud,upgradeAssistant,snapshotRestore,fleet,indexManagement,rollup,remoteClusters,crossClusterReplication,indexLifecycleManagement,enterpriseSearch,ml,beatsManagement,transform,ingestPipelines,eventLog,actions,alerts,triggersActionsUi,stackAlerts,securitySolution,case,infra,monitoring,logstash,apm,uptime]"}
kibana              | {"type":"log","@timestamp":"2022-07-11T16:52:30+00:00","tags":["info","plugins","taskManager"],"pid":7,"message":"TaskManager is identified by the Kibana UUID: fc4aef47-a96d-4e40-92f6-2c0b6394829e"}
es-warm             | {"type": "server", "timestamp": "2022-07-11T16:52:30,430Z", "level": "INFO", "component": "o.e.n.Node", "cluster.name": "es-docker-cluster", "node.name": "es-warm", "message": "node name [es-warm], node ID [yY88v3d2RLu9G8HkaVy_yw], cluster name [es-docker-cluster], roles [transform, master, remote_cluster_client, data, ml, data_content, data_hot, data_warm, data_cold, ingest]" }
kibana              | {"type":"log","@timestamp":"2022-07-11T16:52:30+00:00","tags":["warning","plugins","security","config"],"pid":7,"message":"Generating a random key for xpack.security.encryptionKey. To prevent sessions from being invalidated on restart, please set xpack.security.encryptionKey in the kibana.yml or use the bin/kibana-encryption-keys command."}
kibana              | {"type":"log","@timestamp":"2022-07-11T16:52:30+00:00","tags":["warning","plugins","security","config"],"pid":7,"message":"Session cookies will be transmitted over insecure connections. This is not recommended."}
some_app            | ERROR:root:OH NO!!!!!!
kibana              | {"type":"log","@timestamp":"2022-07-11T16:52:31+00:00","tags":["warning","plugins","reporting","config"],"pid":7,"message":"Generating a random key for xpack.reporting.encryptionKey. To prevent sessions from being invalidated on restart, please set xpack.reporting.encryptionKey in the kibana.yml or use the bin/kibana-encryption-keys command."}
es-hot              | {"type": "server", "timestamp": "2022-07-11T16:52:31,042Z", "level": "INFO", "component": "o.e.p.PluginsService", "cluster.name": "es-docker-cluster", "node.name": "es-hot", "message": "loaded module [aggs-matrix-stats]" }
es-hot              | {"type": "server", "timestamp": "2022-07-11T16:52:31,043Z", "level": "INFO", "component": "o.e.p.PluginsService", "cluster.name": "es-docker-cluster", "node.name": "es-hot", "message": "loaded module [analysis-common]" }
es-hot              | {"type": "server", "timestamp": "2022-07-11T16:52:31,044Z", "level": "INFO", "component": "o.e.p.PluginsService", "cluster.name": "es-docker-cluster", "node.name": "es-hot", "message": "loaded module [constant-keyword]" }
es-hot              | {"type": "server", "timestamp": "2022-07-11T16:52:31,045Z", "level": "INFO", "component": "o.e.p.PluginsService", "cluster.name": "es-docker-cluster", "node.name": "es-hot", "message": "loaded module [flattened]" }
es-hot              | {"type": "server", "timestamp": "2022-07-11T16:52:31,046Z", "level": "INFO", "component": "o.e.p.PluginsService", "cluster.name": "es-docker-cluster", "node.name": "es-hot", "message": "loaded module [frozen-indices]" }
es-hot              | {"type": "server", "timestamp": "2022-07-11T16:52:31,047Z", "level": "INFO", "component": "o.e.p.PluginsService", "cluster.name": "es-docker-cluster", "node.name": "es-hot", "message": "loaded module [ingest-common]" }
kibana              | {"type":"log","@timestamp":"2022-07-11T16:52:31+00:00","tags":["warning","plugins","reporting","config"],"pid":7,"message":"Found 'server.host: \"0\"' in Kibana configuration. This is incompatible with Reporting. To enable Reporting to work, 'xpack.reporting.kibanaServer.hostname: 0.0.0.0' is being automatically to the configuration. You can change the setting to 'server.host: 0.0.0.0' or add 'xpack.reporting.kibanaServer.hostname: 0.0.0.0' in kibana.yml to prevent this message."}
kibana              | {"type":"log","@timestamp":"2022-07-11T16:52:31+00:00","tags":["warning","plugins","reporting","config"],"pid":7,"message":"Chromium sandbox provides an additional layer of protection, but is not supported for Linux CentOS 8.3.2011\n OS. Automatically setting 'xpack.reporting.capture.browser.chromium.disableSandbox: true'."}
es-hot              | {"type": "server", "timestamp": "2022-07-11T16:52:31,056Z", "level": "INFO", "component": "o.e.p.PluginsService", "cluster.name": "es-docker-cluster", "node.name": "es-hot", "message": "loaded module [ingest-geoip]" }
es-hot              | {"type": "server", "timestamp": "2022-07-11T16:52:31,063Z", "level": "INFO", "component": "o.e.p.PluginsService", "cluster.name": "es-docker-cluster", "node.name": "es-hot", "message": "loaded module [ingest-user-agent]" }
es-hot              | {"type": "server", "timestamp": "2022-07-11T16:52:31,064Z", "level": "INFO", "component": "o.e.p.PluginsService", "cluster.name": "es-docker-cluster", "node.name": "es-hot", "message": "loaded module [kibana]" }
es-hot              | {"type": "server", "timestamp": "2022-07-11T16:52:31,070Z", "level": "INFO", "component": "o.e.p.PluginsService", "cluster.name": "es-docker-cluster", "node.name": "es-hot", "message": "loaded module [lang-expression]" }
es-hot              | {"type": "server", "timestamp": "2022-07-11T16:52:31,071Z", "level": "INFO", "component": "o.e.p.PluginsService", "cluster.name": "es-docker-cluster", "node.name": "es-hot", "message": "loaded module [lang-mustache]" }
es-hot              | {"type": "server", "timestamp": "2022-07-11T16:52:31,072Z", "level": "INFO", "component": "o.e.p.PluginsService", "cluster.name": "es-docker-cluster", "node.name": "es-hot", "message": "loaded module [lang-painless]" }
es-hot              | {"type": "server", "timestamp": "2022-07-11T16:52:31,074Z", "level": "INFO", "component": "o.e.p.PluginsService", "cluster.name": "es-docker-cluster", "node.name": "es-hot", "message": "loaded module [mapper-extras]" }
es-hot              | {"type": "server", "timestamp": "2022-07-11T16:52:31,075Z", "level": "INFO", "component": "o.e.p.PluginsService", "cluster.name": "es-docker-cluster", "node.name": "es-hot", "message": "loaded module [mapper-version]" }
es-hot              | {"type": "server", "timestamp": "2022-07-11T16:52:31,075Z", "level": "INFO", "component": "o.e.p.PluginsService", "cluster.name": "es-docker-cluster", "node.name": "es-hot", "message": "loaded module [parent-join]" }
es-hot              | {"type": "server", "timestamp": "2022-07-11T16:52:31,077Z", "level": "INFO", "component": "o.e.p.PluginsService", "cluster.name": "es-docker-cluster", "node.name": "es-hot", "message": "loaded module [percolator]" }
es-hot              | {"type": "server", "timestamp": "2022-07-11T16:52:31,086Z", "level": "INFO", "component": "o.e.p.PluginsService", "cluster.name": "es-docker-cluster", "node.name": "es-hot", "message": "loaded module [rank-eval]" }
es-hot              | {"type": "server", "timestamp": "2022-07-11T16:52:31,087Z", "level": "INFO", "component": "o.e.p.PluginsService", "cluster.name": "es-docker-cluster", "node.name": "es-hot", "message": "loaded module [reindex]" }
es-hot              | {"type": "server", "timestamp": "2022-07-11T16:52:31,087Z", "level": "INFO", "component": "o.e.p.PluginsService", "cluster.name": "es-docker-cluster", "node.name": "es-hot", "message": "loaded module [repositories-metering-api]" }
es-hot              | {"type": "server", "timestamp": "2022-07-11T16:52:31,088Z", "level": "INFO", "component": "o.e.p.PluginsService", "cluster.name": "es-docker-cluster", "node.name": "es-hot", "message": "loaded module [repository-url]" }
es-hot              | {"type": "server", "timestamp": "2022-07-11T16:52:31,089Z", "level": "INFO", "component": "o.e.p.PluginsService", "cluster.name": "es-docker-cluster", "node.name": "es-hot", "message": "loaded module [search-business-rules]" }
es-hot              | {"type": "server", "timestamp": "2022-07-11T16:52:31,091Z", "level": "INFO", "component": "o.e.p.PluginsService", "cluster.name": "es-docker-cluster", "node.name": "es-hot", "message": "loaded module [searchable-snapshots]" }
es-hot              | {"type": "server", "timestamp": "2022-07-11T16:52:31,092Z", "level": "INFO", "component": "o.e.p.PluginsService", "cluster.name": "es-docker-cluster", "node.name": "es-hot", "message": "loaded module [spatial]" }
es-hot              | {"type": "server", "timestamp": "2022-07-11T16:52:31,097Z", "level": "INFO", "component": "o.e.p.PluginsService", "cluster.name": "es-docker-cluster", "node.name": "es-hot", "message": "loaded module [transform]" }
es-hot              | {"type": "server", "timestamp": "2022-07-11T16:52:31,098Z", "level": "INFO", "component": "o.e.p.PluginsService", "cluster.name": "es-docker-cluster", "node.name": "es-hot", "message": "loaded module [transport-netty4]" }
es-hot              | {"type": "server", "timestamp": "2022-07-11T16:52:31,099Z", "level": "INFO", "component": "o.e.p.PluginsService", "cluster.name": "es-docker-cluster", "node.name": "es-hot", "message": "loaded module [unsigned-long]" }
es-hot              | {"type": "server", "timestamp": "2022-07-11T16:52:31,099Z", "level": "INFO", "component": "o.e.p.PluginsService", "cluster.name": "es-docker-cluster", "node.name": "es-hot", "message": "loaded module [vectors]" }
es-hot              | {"type": "server", "timestamp": "2022-07-11T16:52:31,100Z", "level": "INFO", "component": "o.e.p.PluginsService", "cluster.name": "es-docker-cluster", "node.name": "es-hot", "message": "loaded module [wildcard]" }
es-hot              | {"type": "server", "timestamp": "2022-07-11T16:52:31,101Z", "level": "INFO", "component": "o.e.p.PluginsService", "cluster.name": "es-docker-cluster", "node.name": "es-hot", "message": "loaded module [x-pack-aggregate-metric]" }
es-hot              | {"type": "server", "timestamp": "2022-07-11T16:52:31,101Z", "level": "INFO", "component": "o.e.p.PluginsService", "cluster.name": "es-docker-cluster", "node.name": "es-hot", "message": "loaded module [x-pack-analytics]" }
es-hot              | {"type": "server", "timestamp": "2022-07-11T16:52:31,103Z", "level": "INFO", "component": "o.e.p.PluginsService", "cluster.name": "es-docker-cluster", "node.name": "es-hot", "message": "loaded module [x-pack-async]" }
kibana              | {"type":"log","@timestamp":"2022-07-11T16:52:31+00:00","tags":["warning","plugins","encryptedSavedObjects","config"],"pid":7,"message":"Generating a random key for xpack.encryptedSavedObjects.encryptionKey. To decrypt encrypted saved objects attributes after restart, please set xpack.encryptedSavedObjects.encryptionKey in the kibana.yml or use the bin/kibana-encryption-keys command."}
es-hot              | {"type": "server", "timestamp": "2022-07-11T16:52:31,107Z", "level": "INFO", "component": "o.e.p.PluginsService", "cluster.name": "es-docker-cluster", "node.name": "es-hot", "message": "loaded module [x-pack-async-search]" }
es-hot              | {"type": "server", "timestamp": "2022-07-11T16:52:31,109Z", "level": "INFO", "component": "o.e.p.PluginsService", "cluster.name": "es-docker-cluster", "node.name": "es-hot", "message": "loaded module [x-pack-autoscaling]" }
es-hot              | {"type": "server", "timestamp": "2022-07-11T16:52:31,116Z", "level": "INFO", "component": "o.e.p.PluginsService", "cluster.name": "es-docker-cluster", "node.name": "es-hot", "message": "loaded module [x-pack-ccr]" }
es-hot              | {"type": "server", "timestamp": "2022-07-11T16:52:31,117Z", "level": "INFO", "component": "o.e.p.PluginsService", "cluster.name": "es-docker-cluster", "node.name": "es-hot", "message": "loaded module [x-pack-core]" }
es-hot              | {"type": "server", "timestamp": "2022-07-11T16:52:31,118Z", "level": "INFO", "component": "o.e.p.PluginsService", "cluster.name": "es-docker-cluster", "node.name": "es-hot", "message": "loaded module [x-pack-data-streams]" }
es-hot              | {"type": "server", "timestamp": "2022-07-11T16:52:31,119Z", "level": "INFO", "component": "o.e.p.PluginsService", "cluster.name": "es-docker-cluster", "node.name": "es-hot", "message": "loaded module [x-pack-deprecation]" }
es-hot              | {"type": "server", "timestamp": "2022-07-11T16:52:31,120Z", "level": "INFO", "component": "o.e.p.PluginsService", "cluster.name": "es-docker-cluster", "node.name": "es-hot", "message": "loaded module [x-pack-enrich]" }
es-hot              | {"type": "server", "timestamp": "2022-07-11T16:52:31,121Z", "level": "INFO", "component": "o.e.p.PluginsService", "cluster.name": "es-docker-cluster", "node.name": "es-hot", "message": "loaded module [x-pack-eql]" }
es-hot              | {"type": "server", "timestamp": "2022-07-11T16:52:31,129Z", "level": "INFO", "component": "o.e.p.PluginsService", "cluster.name": "es-docker-cluster", "node.name": "es-hot", "message": "loaded module [x-pack-fleet]" }
es-hot              | {"type": "server", "timestamp": "2022-07-11T16:52:31,131Z", "level": "INFO", "component": "o.e.p.PluginsService", "cluster.name": "es-docker-cluster", "node.name": "es-hot", "message": "loaded module [x-pack-graph]" }
es-hot              | {"type": "server", "timestamp": "2022-07-11T16:52:31,132Z", "level": "INFO", "component": "o.e.p.PluginsService", "cluster.name": "es-docker-cluster", "node.name": "es-hot", "message": "loaded module [x-pack-identity-provider]" }
es-hot              | {"type": "server", "timestamp": "2022-07-11T16:52:31,132Z", "level": "INFO", "component": "o.e.p.PluginsService", "cluster.name": "es-docker-cluster", "node.name": "es-hot", "message": "loaded module [x-pack-ilm]" }
es-hot              | {"type": "server", "timestamp": "2022-07-11T16:52:31,134Z", "level": "INFO", "component": "o.e.p.PluginsService", "cluster.name": "es-docker-cluster", "node.name": "es-hot", "message": "loaded module [x-pack-ingest]" }
es-hot              | {"type": "server", "timestamp": "2022-07-11T16:52:31,134Z", "level": "INFO", "component": "o.e.p.PluginsService", "cluster.name": "es-docker-cluster", "node.name": "es-hot", "message": "loaded module [x-pack-logstash]" }
es-hot              | {"type": "server", "timestamp": "2022-07-11T16:52:31,135Z", "level": "INFO", "component": "o.e.p.PluginsService", "cluster.name": "es-docker-cluster", "node.name": "es-hot", "message": "loaded module [x-pack-ml]" }
es-hot              | {"type": "server", "timestamp": "2022-07-11T16:52:31,141Z", "level": "INFO", "component": "o.e.p.PluginsService", "cluster.name": "es-docker-cluster", "node.name": "es-hot", "message": "loaded module [x-pack-monitoring]" }
es-hot              | {"type": "server", "timestamp": "2022-07-11T16:52:31,141Z", "level": "INFO", "component": "o.e.p.PluginsService", "cluster.name": "es-docker-cluster", "node.name": "es-hot", "message": "loaded module [x-pack-ql]" }
es-hot              | {"type": "server", "timestamp": "2022-07-11T16:52:31,142Z", "level": "INFO", "component": "o.e.p.PluginsService", "cluster.name": "es-docker-cluster", "node.name": "es-hot", "message": "loaded module [x-pack-rollup]" }
es-hot              | {"type": "server", "timestamp": "2022-07-11T16:52:31,143Z", "level": "INFO", "component": "o.e.p.PluginsService", "cluster.name": "es-docker-cluster", "node.name": "es-hot", "message": "loaded module [x-pack-runtime-fields]" }
es-hot              | {"type": "server", "timestamp": "2022-07-11T16:52:31,144Z", "level": "INFO", "component": "o.e.p.PluginsService", "cluster.name": "es-docker-cluster", "node.name": "es-hot", "message": "loaded module [x-pack-security]" }
es-hot              | {"type": "server", "timestamp": "2022-07-11T16:52:31,145Z", "level": "INFO", "component": "o.e.p.PluginsService", "cluster.name": "es-docker-cluster", "node.name": "es-hot", "message": "loaded module [x-pack-sql]" }
es-hot              | {"type": "server", "timestamp": "2022-07-11T16:52:31,145Z", "level": "INFO", "component": "o.e.p.PluginsService", "cluster.name": "es-docker-cluster", "node.name": "es-hot", "message": "loaded module [x-pack-stack]" }
kibana              | {"type":"log","@timestamp":"2022-07-11T16:52:31+00:00","tags":["warning","plugins","fleet"],"pid":7,"message":"Fleet APIs are disabled because the Encrypted Saved Objects plugin uses an ephemeral encryption key. Please set xpack.encryptedSavedObjects.encryptionKey in the kibana.yml or use the bin/kibana-encryption-keys command."}
es-hot              | {"type": "server", "timestamp": "2022-07-11T16:52:31,146Z", "level": "INFO", "component": "o.e.p.PluginsService", "cluster.name": "es-docker-cluster", "node.name": "es-hot", "message": "loaded module [x-pack-voting-only-node]" }
es-hot              | {"type": "server", "timestamp": "2022-07-11T16:52:31,149Z", "level": "INFO", "component": "o.e.p.PluginsService", "cluster.name": "es-docker-cluster", "node.name": "es-hot", "message": "loaded module [x-pack-watcher]" }
es-hot              | {"type": "server", "timestamp": "2022-07-11T16:52:31,153Z", "level": "INFO", "component": "o.e.p.PluginsService", "cluster.name": "es-docker-cluster", "node.name": "es-hot", "message": "no plugins loaded" }
kibana              | {"type":"log","@timestamp":"2022-07-11T16:52:31+00:00","tags":["warning","plugins","actions","actions"],"pid":7,"message":"APIs are disabled because the Encrypted Saved Objects plugin uses an ephemeral encryption key. Please set xpack.encryptedSavedObjects.encryptionKey in the kibana.yml or use the bin/kibana-encryption-keys command."}
kibana              | {"type":"log","@timestamp":"2022-07-11T16:52:31+00:00","tags":["warning","plugins","alerts","plugins","alerting"],"pid":7,"message":"APIs are disabled because the Encrypted Saved Objects plugin uses an ephemeral encryption key. Please set xpack.encryptedSavedObjects.encryptionKey in the kibana.yml or use the bin/kibana-encryption-keys command."}
es-hot              | {"type": "server", "timestamp": "2022-07-11T16:52:31,462Z", "level": "INFO", "component": "o.e.e.NodeEnvironment", "cluster.name": "es-docker-cluster", "node.name": "es-hot", "message": "using [1] data paths, mounts [[/usr/share/elasticsearch/data (/dev/sdb6)]], net usable_space [35gb], net total_space [76.5gb], types [btrfs]" }
es-hot              | {"type": "server", "timestamp": "2022-07-11T16:52:31,465Z", "level": "INFO", "component": "o.e.e.NodeEnvironment", "cluster.name": "es-docker-cluster", "node.name": "es-hot", "message": "heap size [512mb], compressed ordinary object pointers [true]" }
kibana              | {"type":"log","@timestamp":"2022-07-11T16:52:31+00:00","tags":["info","plugins","monitoring","monitoring"],"pid":7,"message":"config sourced from: production cluster"}
es-hot              | {"type": "server", "timestamp": "2022-07-11T16:52:31,929Z", "level": "INFO", "component": "o.e.n.Node", "cluster.name": "es-docker-cluster", "node.name": "es-hot", "message": "node name [es-hot], node ID [aW1qVF6xRhinO7lA4GF33w], cluster name [es-docker-cluster], roles [transform, master, remote_cluster_client, data, ml, data_content, data_hot, data_warm, data_cold, ingest]" }
some_app            | ERROR:root:this is exception
some_app            | NoneType: None
kibana              | {"type":"log","@timestamp":"2022-07-11T16:52:32+00:00","tags":["info","savedobjects-service"],"pid":7,"message":"Waiting until all Elasticsearch nodes are compatible with Kibana before starting saved objects migrations..."}
kibana              | {"type":"log","@timestamp":"2022-07-11T16:52:32+00:00","tags":["error","elasticsearch","monitoring"],"pid":7,"message":"Request error, retrying\nGET http://es-hot:9200/_xpack?accept_enterprise=true => connect ECONNREFUSED 172.20.0.3:9200"}
kibana              | {"type":"log","@timestamp":"2022-07-11T16:52:32+00:00","tags":["error","elasticsearch","monitoring"],"pid":7,"message":"Request error, retrying\nGET http://es-warm:9200/_xpack?accept_enterprise=true => connect ECONNREFUSED 172.20.0.2:9200"}
kibana              | {"type":"log","@timestamp":"2022-07-11T16:52:32+00:00","tags":["warning","elasticsearch","monitoring"],"pid":7,"message":"Unable to revive connection: http://es-hot:9200/"}
kibana              | {"type":"log","@timestamp":"2022-07-11T16:52:32+00:00","tags":["error","savedobjects-service"],"pid":7,"message":"Unable to retrieve version information from Elasticsearch nodes."}
kibana              | {"type":"log","@timestamp":"2022-07-11T16:52:32+00:00","tags":["warning","elasticsearch","monitoring"],"pid":7,"message":"Unable to revive connection: http://es-warm:9200/"}
kibana              | {"type":"log","@timestamp":"2022-07-11T16:52:32+00:00","tags":["warning","elasticsearch","monitoring"],"pid":7,"message":"No living connections"}
kibana              | {"type":"log","@timestamp":"2022-07-11T16:52:32+00:00","tags":["warning","plugins","licensing"],"pid":7,"message":"License information could not be obtained from Elasticsearch due to Error: No Living connections error"}
kibana              | {"type":"log","@timestamp":"2022-07-11T16:52:32+00:00","tags":["warning","plugins","monitoring","monitoring"],"pid":7,"message":"X-Pack Monitoring Cluster Alerts will not be available: No Living connections"}
some_app            | ERROR:root:OH NO!!!!!!
some_app            | WARNING:root:Hmmm....something strange
some_app            | ERROR:root:OH NO!!!!!!
some_app            | ERROR:root:this is exception
some_app            | NoneType: None
some_app            | WARNING:root:Hmmm....something strange
some_app            | ERROR:root:OH NO!!!!!!
some_app            | WARNING:root:Hmmm....something strange
some_app            | ERROR:root:OH NO!!!!!!
some_app            | ERROR:root:this is exception
some_app            | NoneType: None
some_app            | WARNING:root:Hmmm....something strange
some_app            | WARNING:root:Hmmm....something strange
some_app            | ERROR:root:OH NO!!!!!!
some_app            | WARNING:root:Hmmm....something strange